<?xml version="1.0" encoding="UTF-8"?>
<!-- Generated by org.testng.reporters.JUnitXMLReporter -->
<testsuite ignored="1" hostname="Nitinkawde" failures="0" tests="1" name="Default test" time="21.119" errors="0" timestamp="2024-03-15T12:26:52 IST">
  <testcase classname="com.mystore.testcases.TC_myaccountPage" name="VerifyLogin" time="4.087"/>
  <testcase classname="com.mystore.testcases.TC_myaccountPage" name="verifyRegistrationAndLogin" time="0.0">
    <ignored/>
  </testcase> <!-- verifyRegistrationAndLogin -->
</testsuite> <!-- Default test -->
