<?xml version="1.0" encoding="UTF-8"?>
<testng-results ignored="0" total="1" passed="1" failed="0" skipped="0">
  <reporter-output>
  </reporter-output>
  <suite started-at="2024-03-15T12:26:31 IST" name="Default suite" finished-at="2024-03-15T12:26:52 IST" duration-ms="21119">
    <groups>
    </groups>
    <test started-at="2024-03-15T12:26:31 IST" name="Default test" finished-at="2024-03-15T12:26:52 IST" duration-ms="21119">
      <class name="com.mystore.testcases.TC_myaccountPage">
        <test-method is-config="true" signature="settup()[pri:0, instance:com.mystore.testcases.TC_myaccountPage@233795b6]" started-at="2024-03-15T12:26:31 IST" name="settup" finished-at="2024-03-15T12:26:48 IST" duration-ms="16726" status="PASS">
          <reporter-output>
          </reporter-output>
        </test-method> <!-- settup -->
        <test-method signature="VerifyLogin()[pri:0, instance:com.mystore.testcases.TC_myaccountPage@233795b6]" started-at="2024-03-15T12:26:48 IST" name="VerifyLogin" finished-at="2024-03-15T12:26:52 IST" duration-ms="4087" status="PASS">
          <reporter-output>
          </reporter-output>
        </test-method> <!-- VerifyLogin -->
        <test-method is-config="true" signature="tearDown()[pri:0, instance:com.mystore.testcases.TC_myaccountPage@233795b6]" started-at="2024-03-15T12:26:52 IST" name="tearDown" finished-at="2024-03-15T12:26:52 IST" duration-ms="247" status="PASS">
          <reporter-output>
          </reporter-output>
        </test-method> <!-- tearDown -->
      </class> <!-- com.mystore.testcases.TC_myaccountPage -->
    </test> <!-- Default test -->
  </suite> <!-- Default suite -->
</testng-results>
